<?xml version="1.0" encoding="UTF-8"?>
<!-- Generated by org.testng.reporters.JUnitReportReporter -->
<testsuite hostname="LAPTOP-4ALPQ2N4" failures="0" tests="3" name="com.ds.SauceLab.AppTest" time="28.533" errors="0" timestamp="2024-02-19T22:52:39 IST" skipped="0">
  <testcase classname="com.ds.SauceLab.AppTest" name="loginSauceLab" time="11.881"/>
  <system-out/>
  <testcase classname="com.ds.SauceLab.AppTest" name="filterOptionValidation" time="8.129"/>
  <system-out/>
  <testcase classname="com.ds.SauceLab.AppTest" name="AddProductToCart" time="8.523"/>
  <system-out/>
</testsuite> <!-- com.ds.SauceLab.AppTest -->
