<?xml version="1.0" encoding="UTF-8"?>
<!-- Generated by org.testng.reporters.JUnitReportReporter -->
<testsuite hostname="LAPTOP-4ALPQ2N4" failures="0" tests="1" name="com.ds.SauceLab.GetAllProducts" time="6.023" errors="0" timestamp="2024-02-13T23:26:30 IST" skipped="0">
  <testcase classname="com.ds.SauceLab.GetAllProducts" name="GetALLItemText" time="6.023"/>
  <system-out/>
</testsuite> <!-- com.ds.SauceLab.GetAllProducts -->
